<?xml version="1.0" encoding="UTF-8"?>
<!-- Generated by org.testng.reporters.JUnitReportReporter -->
<testsuite hostname="INHYNYSHAIK01" failures="0" tests="2" name="BasicAnnotations.Parameterization_XML" time="0.006" errors="0" timestamp="2022-01-25T22:15:04 IST" skipped="0">
  <testcase classname="BasicAnnotations.Parameterization_XML" name="Logout" time="0.000"/>
  <system-out/>
  <testcase classname="BasicAnnotations.Parameterization_XML" name="Login" time="0.006"/>
  <system-out/>
</testsuite> <!-- BasicAnnotations.Parameterization_XML -->
