<?xml version="1.0" encoding="UTF-8"?>
<!-- Generated by org.testng.reporters.JUnitReportReporter -->
<testsuite hostname="INHYNYSHAIK01" failures="0" tests="2" name="BasicAnnotations.BeforeandAfterMethod" time="0.003" errors="0" timestamp="2022-01-25T21:12:36 IST" skipped="0">
  <testcase classname="BasicAnnotations.BeforeandAfterMethod" name="Login" time="0.002"/>
  <system-out/>
  <testcase classname="BasicAnnotations.BeforeandAfterMethod" name="AppMenu" time="0.001"/>
  <system-out/>
</testsuite> <!-- BasicAnnotations.BeforeandAfterMethod -->
