<?xml version="1.0" encoding="UTF-8"?>
<!-- Generated by org.testng.reporters.JUnitReportReporter -->
<testsuite hostname="INHYNYSHAIK01" failures="0" tests="2" name="BasicAnnotations.BeforeAndAFterClass" time="0.007" errors="0" timestamp="2022-01-25T21:12:36 IST" skipped="0">
  <testcase classname="BasicAnnotations.BeforeAndAFterClass" name="Login" time="0.005"/>
  <system-out/>
  <testcase classname="BasicAnnotations.BeforeAndAFterClass" name="AppMenu" time="0.002"/>
  <system-out/>
</testsuite> <!-- BasicAnnotations.BeforeAndAFterClass -->
