<?xml version="1.0" encoding="UTF-8"?>
<!-- Generated by org.testng.reporters.JUnitReportReporter -->
<testsuite hostname="INHYNYSHAIK01" failures="0" tests="2" name="BasicAnnotations.BasicAnnotation" time="0.012" errors="0" timestamp="2022-01-25T20:47:08 IST" skipped="0">
  <testcase classname="BasicAnnotations.BasicAnnotation" name="Login" time="0.006"/>
  <system-out/>
  <testcase classname="BasicAnnotations.BasicAnnotation" name="AppMenu" time="0.006"/>
  <system-out/>
</testsuite> <!-- BasicAnnotations.BasicAnnotation -->
